南昌 喀纳斯
金昌 临沂
香格里拉 连城
张掖 昭通
合肥 长海
佳木斯 毕节
大庆 锦州
永州 哈尔滨
阿勒泰 黔江
池州 邢台
秦皇岛 丹东
塔城 青岛
东营 阿尔山
徐州 和田
南昌 喀纳斯
金昌 临沂
金昌 和田
百色 库车
广元 芒市
梁平 朝阳
二连浩特 长海
漠河 惠州
加格达奇 临沧
沙市 呼和浩特
赣州 腾冲
伊春 阿尔山
昭通 金昌
长沙 玉树
海拉尔 阿克苏
攀枝花 秦皇岛
中卫 安顺
连城 万州
兴义 西宁
且末 通化
常德 张家口
威海 南充
吉安 连云港
威海 敦煌
张家界 石家庄
芜湖 海口
蚌埠 佳木斯
张家界 荔波
黎平 宜春
郑州 广汉
库尔勒 阿尔山
池州 梧州
池州 二连浩特
大同 二连浩特
义乌 腾冲
毕节 通化
阜阳 喀纳斯
九江 安庆
常德 伊春
榆林 芷江
深圳 广汉
昭通 喀什
天津 日喀则
延吉 日喀则
哈尔滨 康定
绵阳 西昌
鄯善 石家庄
武汉 满洲里
二连浩特 林芝
池州 芜湖
南通 毕节
张掖 西安
邯郸 秦皇岛
南宁 安康
黔江 泸州
思茅 克拉玛依
巴彦淖尔 库尔勒
攀枝花 临沂
武夷山 齐齐哈尔
晋江 富蕴
常德 绵阳
昌都 延安
佳木斯 吉安
格尔木 秦皇岛
连城 晋江
吐鲁番 喀什
连城 西宁
加格达奇 长沙
兴义 庐山
昆明 百色
黄龙 延安
丹东 宜昌
九江 连城
洛阳 恩施
广州 吐鲁番
宜昌 阿克苏
芜湖 常州
喀纳斯 洛阳
张家界 安康
芒市 博乐
汉中 丽江
巴彦淖尔 锦州
腾冲 柳州
