塔城 青岛
东营 阿尔山
秦皇岛 丹东
徐州 和田
达州 恩施
成都 南阳
锡林浩特 安庆
池州 南宁
福州 克拉玛依
保山 丽江
伊春 运城
唐山 湛江
湛江 大同
达州 锦州
香格里拉 乌兰浩特
蚌埠 通辽
梧州 济宁
锡林浩特 安庆
成都 南阳
朝阳 二连浩特
无锡 安庆
呼和浩特 沈阳
西双版纳 北海
梁平 朝阳
二连浩特 长海
北京 乌海
广州 威海
泸州 珠海
锡林浩特 盐城
加格达奇 临沧
伊春 阿尔山
黔江 珠海
昭通 金昌
常州 井冈山
南京 嘉峪关
大庆 昆明
常德 张家口
吉安 连云港
成都 常州
东营 温州
张家界 石家庄
泸州 海拉尔
贵阳 海口
石家庄 运城
芜湖 海口
蚌埠 佳木斯
黎平 宜春
库尔勒 阿尔山
池州 梧州
大连 伊春
合肥 大庆
铜仁 赣州
池州 二连浩特
广州 西宁
大同 二连浩特
梧州 铜仁
宜昌 临沂
银川 思茅
毕节 通化
天津 日喀则
延吉 日喀则
邯郸 三亚
长春 潍坊
烟台 邯郸
通辽 深圳
鄯善 石家庄
池州 芜湖
南通 毕节
兴义 宜宾
盐城 鄂尔多斯
台州 乌鲁木齐
保山 银川
嘉峪关 贵阳
林芝 洛阳
昆明 保山
张掖 西安
邯郸 秦皇岛
重庆 芒市
长春 西昌
厦门 呼和浩特
格尔木 泸州
银川 乌海
武夷山 大同
湛江 威海
济南 天津
佳木斯 吉安
格尔木 三亚
加格达奇 长沙
昆明 百色
北京 库车
广州 吐鲁番
秦皇岛 武汉
长春 南通
芜湖 常州
芒市 博乐
