阿里
阿尔山
安庆
阿勒泰
安康
鞍山
安顺
安阳
阿克苏
包头
蚌埠
北海
北京
百色
保山
博乐
毕节
巴彦淖尔
长治
池州
长春
长海
常州
昌都
朝阳
常德
长白山
成都
重庆
长沙
赤峰
大同
大连
东营
大庆
丹东
大理
敦煌
达州
恩施
鄂尔多斯
二连浩特
佛山
福州
阜阳
富蕴
贵阳
桂林
广州
广元
格尔木
赣州
广汉
固原
哈密
呼和浩特
黑河
海拉尔
哈尔滨
海口
衡阳
黄山
杭州
邯郸
合肥
黄龙
汉中
和田
惠州
淮安
吉安
温泉
鸡西
晋江
锦州
景德镇
嘉峪关
井冈山
济宁
九江
佳木斯
济南
加格达奇
金昌
喀什
昆明
康定
克拉玛依
库尔勒
库车
喀纳斯
兰州
洛阳
丽江
梁平
荔波
庐山
林芝
柳州
泸州
连云港
黎平
连城
拉萨
临沧
临沂
芒市
牡丹江
满洲里
绵阳
梅县
漠河
南京
南充
南宁
南阳
南通
南昌
那提拉
宁波
攀枝花
衢州
黔江
秦皇岛
庆阳
且末
齐齐哈尔
青岛
日喀则
汕头
深圳
石家庄
三亚
沈阳
上海
思茅
鄯善
韶关
沙市
唐山
铜仁
通化
塔城
腾冲
台州
天水
天津
通辽
吐鲁番
太原
威海
武汉
梧州
文山
无锡
潍坊
武夷山
乌兰浩特
温州
乌鲁木齐
芜湖
万州
乌海
兴义
西昌
厦门
香格里拉
西安
西宁
襄阳
锡林浩特
西双版纳
徐州
兴城
邢台
义乌
永州
榆林
扬州
延安
运城
烟台
银川
宜昌
宜宾
宜春
盐城
延吉
玉树
伊宁
伊春
珠海
昭通
张家界
舟山
郑州
中卫
芷江
湛江
遵义
张掖
张家口
